# JRE version: Java(TM) SE Runtime Environment (8.0_171-b11) (build 1.8.0_171-b11)
# Java VM: Java HotSpot(TM) Client VM (25.171-b11 mixed mode windows-x86 )
Heap:
 def new generation   total 4928K, used 2094K [0x07200000, 0x07750000, 0x0c750000)
  eden space 4416K,  41% used [0x07200000, 0x073c7760, 0x07650000)
  from space 512K,  53% used [0x07650000, 0x076941a0, 0x076d0000)
  to   space 512K,   0% used [0x076d0000, 0x076d0000, 0x07750000)
 tenured generation   total 10944K, used 4317K [0x0c750000, 0x0d200000, 0x17200000)
   the space 10944K,  39% used [0x0c750000, 0x0cb87578, 0x0cb87600, 0x0d200000)
 Metaspace       used 9363K, capacity 9557K, committed 9728K, reserved 10624K
GC Heap History (10 events):
Event: 2.600 GC heap before
{Heap before GC invocations=5 (full 0):
 def new generation   total 4928K, used 4430K [0x07200000, 0x07750000, 0x0c750000)
  eden space 4416K, 100% used [0x07200000, 0x07650000, 0x07650000)
  from space 512K,   2% used [0x076d0000, 0x076d3ba0, 0x07750000)
  to   space 512K,   0% used [0x07650000, 0x07650000, 0x076d0000)
 tenured generation   total 10944K, used 3181K [0x0c750000, 0x0d200000, 0x17200000)
   the space 10944K,  29% used [0x0c750000, 0x0ca6b648, 0x0ca6b800, 0x0d200000)
 Metaspace       used 8210K, capacity 8400K, committed 8576K, reserved 8576K
Event: 2.603 GC heap after
Heap after GC invocations=6 (full 0):
 def new generation   total 4928K, used 512K [0x07200000, 0x07750000, 0x0c750000)
  eden space 4416K,   0% used [0x07200000, 0x07200000, 0x07650000)
  from space 512K, 100% used [0x07650000, 0x076d0000, 0x076d0000)
  to   space 512K,   0% used [0x076d0000, 0x076d0000, 0x07750000)
 tenured generation   total 10944K, used 3805K [0x0c750000, 0x0d200000, 0x17200000)
   the space 10944K,  34% used [0x0c750000, 0x0cb075e0, 0x0cb07600, 0x0d200000)
 Metaspace       used 8210K, capacity 8400K, committed 8576K, reserved 8576K
}
Event: 2.622 GC heap before
{Heap before GC invocations=6 (full 0):
 def new generation   total 4928K, used 4928K [0x07200000, 0x07750000, 0x0c750000)
  eden space 4416K, 100% used [0x07200000, 0x07650000, 0x07650000)
  from space 512K, 100% used [0x07650000, 0x076d0000, 0x076d0000)
  to   space 512K,   0% used [0x076d0000, 0x076d0000, 0x07750000)
 tenured generation   total 10944K, used 3805K [0x0c750000, 0x0d200000, 0x17200000)
   the space 10944K,  34% used [0x0c750000, 0x0cb075e0, 0x0cb07600, 0x0d200000)
 Metaspace       used 8210K, capacity 8400K, committed 8576K, reserved 8576K
Event: 2.624 GC heap after
Heap after GC invocations=7 (full 0):
 def new generation   total 4928K, used 46K [0x07200000, 0x07750000, 0x0c750000)
  eden space 4416K,   0% used [0x07200000, 0x07200000, 0x07650000)
  from space 512K,   9% used [0x076d0000, 0x076db8f0, 0x07750000)
  to   space 512K,   0% used [0x07650000, 0x07650000, 0x076d0000)
 tenured generation   total 10944K, used 4317K [0x0c750000, 0x0d200000, 0x17200000)
   the space 10944K,  39% used [0x0c750000, 0x0cb87578, 0x0cb87600, 0x0d200000)
 Metaspace       used 8210K, capacity 8400K, committed 8576K, reserved 8576K
}
Event: 2.659 GC heap before
{Heap before GC invocations=7 (full 0):
 def new generation   total 4928K, used 4462K [0x07200000, 0x07750000, 0x0c750000)
  eden space 4416K, 100% used [0x07200000, 0x07650000, 0x07650000)
  from space 512K,   9% used [0x076d0000, 0x076db8f0, 0x07750000)
  to   space 512K,   0% used [0x07650000, 0x07650000, 0x076d0000)
 tenured generation   total 10944K, used 4317K [0x0c750000, 0x0d200000, 0x17200000)
   the space 10944K,  39% used [0x0c750000, 0x0cb87578, 0x0cb87600, 0x0d200000)
 Metaspace       used 8212K, capacity 8400K, committed 8576K, reserved 8576K
Event: 2.660 GC heap after
Heap after GC invocations=8 (full 0):
 def new generation   total 4928K, used 232K [0x07200000, 0x07750000, 0x0c750000)
  eden space 4416K,   0% used [0x07200000, 0x07200000, 0x07650000)
  from space 512K,  45% used [0x07650000, 0x0768a278, 0x076d0000)
  to   space 512K,   0% used [0x076d0000, 0x076d0000, 0x07750000)
 tenured generation   total 10944K, used 4317K [0x0c750000, 0x0d200000, 0x17200000)
   the space 10944K,  39% used [0x0c750000, 0x0cb87578, 0x0cb87600, 0x0d200000)
 Metaspace       used 8212K, capacity 8400K, committed 8576K, reserved 8576K
}
Event: 2.677 GC heap before
{Heap before GC invocations=8 (full 0):
 def new generation   total 4928K, used 4648K [0x07200000, 0x07750000, 0x0c750000)
  eden space 4416K, 100% used [0x07200000, 0x07650000, 0x07650000)
  from space 512K,  45% used [0x07650000, 0x0768a278, 0x076d0000)
  to   space 512K,   0% used [0x076d0000, 0x076d0000, 0x07750000)
 tenured generation   total 10944K, used 4317K [0x0c750000, 0x0d200000, 0x17200000)
   the space 10944K,  39% used [0x0c750000, 0x0cb87578, 0x0cb87600, 0x0d200000)
 Metaspace       used 8212K, capacity 8400K, committed 8576K, reserved 8576K
Event: 2.677 GC heap after
Heap after GC invocations=9 (full 0):
 def new generation   total 4928K, used 230K [0x07200000, 0x07750000, 0x0c750000)
  eden space 4416K,   0% used [0x07200000, 0x07200000, 0x07650000)
  from space 512K,  44% used [0x076d0000, 0x07709818, 0x07750000)
  to   space 512K,   0% used [0x07650000, 0x07650000, 0x076d0000)
 tenured generation   total 10944K, used 4317K [0x0c750000, 0x0d200000, 0x17200000)
   the space 10944K,  39% used [0x0c750000, 0x0cb87578, 0x0cb87600, 0x0d200000)
 Metaspace       used 8212K, capacity 8400K, committed 8576K, reserved 8576K
}
Event: 2.733 GC heap before
{Heap before GC invocations=9 (full 0):
 def new generation   total 4928K, used 4646K [0x07200000, 0x07750000, 0x0c750000)
  eden space 4416K, 100% used [0x07200000, 0x07650000, 0x07650000)
  from space 512K,  44% used [0x076d0000, 0x07709818, 0x07750000)
  to   space 512K,   0% used [0x07650000, 0x07650000, 0x076d0000)
 tenured generation   total 10944K, used 4317K [0x0c750000, 0x0d200000, 0x17200000)
   the space 10944K,  39% used [0x0c750000, 0x0cb87578, 0x0cb87600, 0x0d200000)
 Metaspace       used 8720K, capacity 8885K, committed 8960K, reserved 9600K
Event: 2.735 GC heap after
Heap after GC invocations=10 (full 0):
 def new generation   total 4928K, used 272K [0x07200000, 0x07750000, 0x0c750000)
  eden space 4416K,   0% used [0x07200000, 0x07200000, 0x07650000)
  from space 512K,  53% used [0x07650000, 0x076941a0, 0x076d0000)
  to   space 512K,   0% used [0x076d0000, 0x076d0000, 0x07750000)
 tenured generation   total 10944K, used 4317K [0x0c750000, 0x0d200000, 0x17200000)
   the space 10944K,  39% used [0x0c750000, 0x0cb87578, 0x0cb87600, 0x0d200000)
 Metaspace       used 8720K, capacity 8885K, committed 8960K, reserved 9600K
}

