# JRE version: Java(TM) SE Runtime Environment (8.0_171-b11) (build 1.8.0_171-b11)
# Java VM: Java HotSpot(TM) Client VM (25.171-b11 mixed mode windows-x86 )
Heap:
 def new generation   total 4928K, used 1888K [0x07000000, 0x07550000, 0x0c550000)
  eden space 4416K,  35% used [0x07000000, 0x071892c8, 0x07450000)
  from space 512K,  61% used [0x07450000, 0x0749f048, 0x074d0000)
  to   space 512K,   0% used [0x074d0000, 0x074d0000, 0x07550000)
 tenured generation   total 10944K, used 4351K [0x0c550000, 0x0d000000, 0x17000000)
   the space 10944K,  39% used [0x0c550000, 0x0c98ff38, 0x0c990000, 0x0d000000)
 Metaspace       used 9363K, capacity 9557K, committed 9728K, reserved 10624K
GC Heap History (10 events):
Event: 2.563 GC heap before
{Heap before GC invocations=5 (full 0):
 def new generation   total 4928K, used 4431K [0x07000000, 0x07550000, 0x0c550000)
  eden space 4416K, 100% used [0x07000000, 0x07450000, 0x07450000)
  from space 512K,   2% used [0x074d0000, 0x074d3ca8, 0x07550000)
  to   space 512K,   0% used [0x07450000, 0x07450000, 0x074d0000)
 tenured generation   total 10944K, used 3170K [0x0c550000, 0x0d000000, 0x17000000)
   the space 10944K,  28% used [0x0c550000, 0x0c868810, 0x0c868a00, 0x0d000000)
 Metaspace       used 8209K, capacity 8400K, committed 8576K, reserved 8576K
Event: 2.566 GC heap after
Heap after GC invocations=6 (full 0):
 def new generation   total 4928K, used 512K [0x07000000, 0x07550000, 0x0c550000)
  eden space 4416K,   0% used [0x07000000, 0x07000000, 0x07450000)
  from space 512K, 100% used [0x07450000, 0x074d0000, 0x074d0000)
  to   space 512K,   0% used [0x074d0000, 0x074d0000, 0x07550000)
 tenured generation   total 10944K, used 3840K [0x0c550000, 0x0d000000, 0x17000000)
   the space 10944K,  35% used [0x0c550000, 0x0c9100a0, 0x0c910200, 0x0d000000)
 Metaspace       used 8209K, capacity 8400K, committed 8576K, reserved 8576K
}
Event: 2.583 GC heap before
{Heap before GC invocations=6 (full 0):
 def new generation   total 4928K, used 4928K [0x07000000, 0x07550000, 0x0c550000)
  eden space 4416K, 100% used [0x07000000, 0x07450000, 0x07450000)
  from space 512K, 100% used [0x07450000, 0x074d0000, 0x074d0000)
  to   space 512K,   0% used [0x074d0000, 0x074d0000, 0x07550000)
 tenured generation   total 10944K, used 3840K [0x0c550000, 0x0d000000, 0x17000000)
   the space 10944K,  35% used [0x0c550000, 0x0c9100a0, 0x0c910200, 0x0d000000)
 Metaspace       used 8209K, capacity 8400K, committed 8576K, reserved 8576K
Event: 2.584 GC heap after
Heap after GC invocations=7 (full 0):
 def new generation   total 4928K, used 0K [0x07000000, 0x07550000, 0x0c550000)
  eden space 4416K,   0% used [0x07000000, 0x07000000, 0x07450000)
  from space 512K,   0% used [0x074d0000, 0x074d00e0, 0x07550000)
  to   space 512K,   0% used [0x07450000, 0x07450000, 0x074d0000)
 tenured generation   total 10944K, used 4351K [0x0c550000, 0x0d000000, 0x17000000)
   the space 10944K,  39% used [0x0c550000, 0x0c98ff38, 0x0c990000, 0x0d000000)
 Metaspace       used 8209K, capacity 8400K, committed 8576K, reserved 8576K
}
Event: 2.612 GC heap before
{Heap before GC invocations=7 (full 0):
 def new generation   total 4928K, used 4416K [0x07000000, 0x07550000, 0x0c550000)
  eden space 4416K, 100% used [0x07000000, 0x07450000, 0x07450000)
  from space 512K,   0% used [0x074d0000, 0x074d00e0, 0x07550000)
  to   space 512K,   0% used [0x07450000, 0x07450000, 0x074d0000)
 tenured generation   total 10944K, used 4351K [0x0c550000, 0x0d000000, 0x17000000)
   the space 10944K,  39% used [0x0c550000, 0x0c98ff38, 0x0c990000, 0x0d000000)
 Metaspace       used 8211K, capacity 8400K, committed 8576K, reserved 8576K
Event: 2.613 GC heap after
Heap after GC invocations=8 (full 0):
 def new generation   total 4928K, used 186K [0x07000000, 0x07550000, 0x0c550000)
  eden space 4416K,   0% used [0x07000000, 0x07000000, 0x07450000)
  from space 512K,  36% used [0x07450000, 0x0747ea98, 0x074d0000)
  to   space 512K,   0% used [0x074d0000, 0x074d0000, 0x07550000)
 tenured generation   total 10944K, used 4351K [0x0c550000, 0x0d000000, 0x17000000)
   the space 10944K,  39% used [0x0c550000, 0x0c98ff38, 0x0c990000, 0x0d000000)
 Metaspace       used 8211K, capacity 8400K, committed 8576K, reserved 8576K
}
Event: 2.631 GC heap before
{Heap before GC invocations=8 (full 0):
 def new generation   total 4928K, used 4602K [0x07000000, 0x07550000, 0x0c550000)
  eden space 4416K, 100% used [0x07000000, 0x07450000, 0x07450000)
  from space 512K,  36% used [0x07450000, 0x0747ea98, 0x074d0000)
  to   space 512K,   0% used [0x074d0000, 0x074d0000, 0x07550000)
 tenured generation   total 10944K, used 4351K [0x0c550000, 0x0d000000, 0x17000000)
   the space 10944K,  39% used [0x0c550000, 0x0c98ff38, 0x0c990000, 0x0d000000)
 Metaspace       used 8211K, capacity 8400K, committed 8576K, reserved 8576K
Event: 2.631 GC heap after
Heap after GC invocations=9 (full 0):
 def new generation   total 4928K, used 184K [0x07000000, 0x07550000, 0x0c550000)
  eden space 4416K,   0% used [0x07000000, 0x07000000, 0x07450000)
  from space 512K,  35% used [0x074d0000, 0x074fe008, 0x07550000)
  to   space 512K,   0% used [0x07450000, 0x07450000, 0x074d0000)
 tenured generation   total 10944K, used 4351K [0x0c550000, 0x0d000000, 0x17000000)
   the space 10944K,  39% used [0x0c550000, 0x0c98ff38, 0x0c990000, 0x0d000000)
 Metaspace       used 8211K, capacity 8400K, committed 8576K, reserved 8576K
}
Event: 2.712 GC heap before
{Heap before GC invocations=9 (full 0):
 def new generation   total 4928K, used 4600K [0x07000000, 0x07550000, 0x0c550000)
  eden space 4416K, 100% used [0x07000000, 0x07450000, 0x07450000)
  from space 512K,  35% used [0x074d0000, 0x074fe008, 0x07550000)
  to   space 512K,   0% used [0x07450000, 0x07450000, 0x074d0000)
 tenured generation   total 10944K, used 4351K [0x0c550000, 0x0d000000, 0x17000000)
   the space 10944K,  39% used [0x0c550000, 0x0c98ff38, 0x0c990000, 0x0d000000)
 Metaspace       used 8895K, capacity 9077K, committed 9216K, reserved 9600K
Event: 2.714 GC heap after
Heap after GC invocations=10 (full 0):
 def new generation   total 4928K, used 316K [0x07000000, 0x07550000, 0x0c550000)
  eden space 4416K,   0% used [0x07000000, 0x07000000, 0x07450000)
  from space 512K,  61% used [0x07450000, 0x0749f048, 0x074d0000)
  to   space 512K,   0% used [0x074d0000, 0x074d0000, 0x07550000)
 tenured generation   total 10944K, used 4351K [0x0c550000, 0x0d000000, 0x17000000)
   the space 10944K,  39% used [0x0c550000, 0x0c98ff38, 0x0c990000, 0x0d000000)
 Metaspace       used 8895K, capacity 9077K, committed 9216K, reserved 9600K
}

